2024-05-02 00:46:11,864 - kasikorn_logger - DEBUG - Sub District : เขตมีนบุรี
2024-05-02 00:46:11,864 - kasikorn_logger - DEBUG - Province : กรุงเทพมหานคร
2024-05-02 00:46:11,864 - kasikorn_logger - DEBUG - Sub District : เขตบึงกุ่ม
2024-05-02 00:46:11,864 - kasikorn_logger - DEBUG - Province : กรุงเทพมหานคร
2024-05-02 00:46:11,865 - kasikorn_logger - DEBUG - Sub District : บางพลี
2024-05-02 00:46:11,865 - kasikorn_logger - DEBUG - Province : สมุทรปราการ
2024-05-02 00:46:11,865 - kasikorn_logger - DEBUG - Sub District : เขตทุ่งครุ
2024-05-02 00:46:11,865 - kasikorn_logger - DEBUG - Province : กรุงเทพมหานคร
2024-05-02 00:46:11,866 - kasikorn_logger - DEBUG - Sub District : เขตดุสิต
2024-05-02 00:46:11,866 - kasikorn_logger - DEBUG - Province : กรุงเทพมหานคร
2024-05-02 00:46:11,866 - kasikorn_logger - DEBUG - Sub District : เขตบางแค
2024-05-02 00:46:11,866 - kasikorn_logger - DEBUG - Province : กรุงเทพมหานคร
2024-05-02 00:46:11,866 - kasikorn_logger - DEBUG - Sub District : เขตมีนบุรี
2024-05-02 00:46:11,867 - kasikorn_logger - DEBUG - Province : กรุงเทพมหานคร
2024-05-02 00:46:11,867 - kasikorn_logger - DEBUG - Sub District : เขตราษฎร์บูรณะ
2024-05-02 00:46:11,867 - kasikorn_logger - DEBUG - Province : กรุงเทพมหานคร
2024-05-02 00:46:11,867 - kasikorn_logger - DEBUG - Sub District : เขตทวีวัฒนา
2024-05-02 00:46:11,867 - kasikorn_logger - DEBUG - Province : กรุงเทพมหานคร
2024-05-02 00:46:11,867 - kasikorn_logger - DEBUG - Sub District : เมืองนครศรีธรรมราช
2024-05-02 00:46:11,868 - kasikorn_logger - DEBUG - Province : นครศรีธรรมราช
2024-05-02 00:46:11,868 - kasikorn_logger - DEBUG - Sub District : เขตสายไหม
2024-05-02 00:46:11,868 - kasikorn_logger - DEBUG - Province : กรุงเทพมหานคร
2024-05-02 00:46:11,868 - kasikorn_logger - DEBUG - Sub District : เขตบางแค
2024-05-02 00:46:11,868 - kasikorn_logger - DEBUG - Province : กรุงเทพมหานคร
2024-05-02 00:46:11,869 - kasikorn_logger - DEBUG - Sub District : เมืองเชียงใหม่
2024-05-02 00:46:11,869 - kasikorn_logger - DEBUG - Province : เชียงใหม่
2024-05-02 00:46:11,869 - kasikorn_logger - DEBUG - Sub District : บางบัวทอง
2024-05-02 00:46:11,869 - kasikorn_logger - DEBUG - Province : นนทบุรี
2024-05-02 00:46:11,870 - kasikorn_logger - DEBUG - Sub District : บางใหญ่
2024-05-02 00:46:11,870 - kasikorn_logger - DEBUG - Province : นนทบุรี
2024-05-02 00:46:11,870 - kasikorn_logger - DEBUG - Sub District : บางซ้าย
2024-05-02 00:46:11,870 - kasikorn_logger - DEBUG - Province : พระนครศรีอยุธยา
2024-05-02 00:46:11,870 - kasikorn_logger - DEBUG - Sub District : เขตพระโขนง
2024-05-02 00:46:11,870 - kasikorn_logger - DEBUG - Province : กรุงเทพมหานคร
2024-05-02 00:46:11,871 - kasikorn_logger - DEBUG - Sub District : ปราณบุรี
2024-05-02 00:46:11,871 - kasikorn_logger - DEBUG - Province : ประจวบคีรีขันธ์
2024-05-02 00:46:11,871 - kasikorn_logger - DEBUG - Sub District : เขตคลองสามวา
2024-05-02 00:46:11,872 - kasikorn_logger - DEBUG - Province : กรุงเทพมหานคร
2024-05-02 00:46:11,872 - kasikorn_logger - DEBUG - Sub District : นครชัยศรี
2024-05-02 00:46:11,872 - kasikorn_logger - DEBUG - Province : นครปฐม
2024-05-02 00:46:11,872 - kasikorn_logger - DEBUG - Sub District : เขตบางกะปิ
2024-05-02 00:46:11,873 - kasikorn_logger - DEBUG - Province : กรุงเทพมหานคร
2024-05-02 00:46:11,873 - kasikorn_logger - DEBUG - Sub District : ปักธงชัย
2024-05-02 00:46:11,873 - kasikorn_logger - DEBUG - Province : นครราชสีมา
2024-05-02 00:46:11,874 - kasikorn_logger - DEBUG - Sub District : เขตมีนบุรี
2024-05-02 00:46:11,874 - kasikorn_logger - DEBUG - Province : กรุงเทพมหานคร
2024-05-02 00:46:11,875 - kasikorn_logger - DEBUG - Sub District : เขตตลิ่งชัน
2024-05-02 00:46:11,875 - kasikorn_logger - DEBUG - Province : กรุงเทพมหานคร
2024-05-02 00:46:11,875 - kasikorn_logger - DEBUG - Sub District : เขตลาดพร้าว
2024-05-02 00:46:11,876 - kasikorn_logger - DEBUG - Province : กรุงเทพมหานคร
2024-05-02 00:46:11,876 - kasikorn_logger - DEBUG - Sub District : บางละมุง
2024-05-02 00:46:11,876 - kasikorn_logger - DEBUG - Province : ชลบุรี
2024-05-02 00:46:11,876 - kasikorn_logger - DEBUG - Sub District : ศรีราชา
2024-05-02 00:46:11,877 - kasikorn_logger - DEBUG - Province : ชลบุรี
2024-05-02 00:46:11,877 - kasikorn_logger - DEBUG - Sub District : เมืองพะเยา
2024-05-02 00:46:11,877 - kasikorn_logger - DEBUG - Province : พะเยา
2024-05-02 00:46:11,877 - kasikorn_logger - DEBUG - Sub District : เขตประเวศ
2024-05-02 00:46:11,878 - kasikorn_logger - DEBUG - Province : กรุงเทพมหานคร
2024-05-02 00:46:11,878 - kasikorn_logger - DEBUG - Sub District : อินทร์บุรี
2024-05-02 00:46:11,878 - kasikorn_logger - DEBUG - Province : สิงห์บุรี
2024-05-02 00:46:11,878 - kasikorn_logger - DEBUG - Sub District : เขตจตุจักร
2024-05-02 00:46:11,879 - kasikorn_logger - DEBUG - Province : กรุงเทพมหานคร
2024-05-02 00:46:11,879 - kasikorn_logger - DEBUG - Sub District : เมืองเลย
2024-05-02 00:46:11,879 - kasikorn_logger - DEBUG - Province : เลย
2024-05-02 00:46:11,879 - kasikorn_logger - DEBUG - Sub District : พัฒนานิคม
2024-05-02 00:46:11,880 - kasikorn_logger - DEBUG - Province : ลพบุรี
2024-05-02 00:46:11,880 - kasikorn_logger - DEBUG - Sub District : เขตราษฎร์บูรณะ
2024-05-02 00:46:11,880 - kasikorn_logger - DEBUG - Province : กรุงเทพมหานคร
2024-05-02 00:46:11,881 - kasikorn_logger - DEBUG - Sub District : ฝาง
2024-05-02 00:46:11,881 - kasikorn_logger - DEBUG - Province : เชียงใหม่
2024-05-02 00:46:11,881 - kasikorn_logger - DEBUG - Sub District : เขตจตุจักร
2024-05-02 00:46:11,881 - kasikorn_logger - DEBUG - Province : กรุงเทพมหานคร
2024-05-02 00:46:11,881 - kasikorn_logger - DEBUG - Sub District : 
2024-05-02 00:46:11,881 - kasikorn_logger - WARNING - ไม่มี
2024-05-02 00:46:11,881 - kasikorn_logger - DEBUG - Sub District : 
2024-05-02 00:46:11,881 - kasikorn_logger - WARNING - ไม่มี
2024-05-02 00:46:11,883 - kasikorn_logger - DEBUG - Sub District : 
2024-05-02 00:46:11,883 - kasikorn_logger - WARNING - ไม่มี
2024-05-02 00:46:11,883 - kasikorn_logger - DEBUG - Sub District : 
2024-05-02 00:46:11,883 - kasikorn_logger - WARNING - ไม่มี
2024-05-02 00:46:11,883 - kasikorn_logger - DEBUG - Sub District : 
2024-05-02 00:46:11,883 - kasikorn_logger - WARNING - ไม่มี
2024-05-02 00:46:11,883 - kasikorn_logger - DEBUG - Sub District : 
2024-05-02 00:46:11,883 - kasikorn_logger - WARNING - ไม่มี
2024-05-02 00:46:11,883 - kasikorn_logger - DEBUG - Sub District : 
2024-05-02 00:46:11,883 - kasikorn_logger - WARNING - ไม่มี
2024-05-02 00:46:11,884 - kasikorn_logger - DEBUG - Sub District : 
2024-05-02 00:46:11,884 - kasikorn_logger - WARNING - ไม่มี
2024-05-02 00:46:11,884 - kasikorn_logger - DEBUG - Sub District : 
2024-05-02 00:46:11,884 - kasikorn_logger - WARNING - ไม่มี
2024-05-02 00:46:11,884 - kasikorn_logger - DEBUG - Sub District : 
2024-05-02 00:46:11,884 - kasikorn_logger - WARNING - ไม่มี
2024-05-02 00:46:11,884 - kasikorn_logger - DEBUG - Sub District : 
2024-05-02 00:46:11,884 - kasikorn_logger - WARNING - ไม่มี
2024-05-02 00:46:11,884 - kasikorn_logger - DEBUG - Sub District : 
2024-05-02 00:46:11,885 - kasikorn_logger - WARNING - ไม่มี
2024-05-02 00:46:11,885 - kasikorn_logger - DEBUG - Sub District : 
2024-05-02 00:46:11,885 - kasikorn_logger - WARNING - ไม่มี
2024-05-02 00:46:11,885 - kasikorn_logger - DEBUG - Sub District : 
2024-05-02 00:46:11,885 - kasikorn_logger - WARNING - ไม่มี
2024-05-02 00:46:11,885 - kasikorn_logger - DEBUG - Sub District : 
2024-05-02 00:46:11,885 - kasikorn_logger - WARNING - ไม่มี
2024-05-02 00:46:11,885 - kasikorn_logger - DEBUG - Sub District : 
2024-05-02 00:46:11,886 - kasikorn_logger - WARNING - ไม่มี
2024-05-02 00:46:11,886 - kasikorn_logger - DEBUG - Sub District : 
2024-05-02 00:46:11,886 - kasikorn_logger - WARNING - ไม่มี
2024-05-02 00:46:11,886 - kasikorn_logger - DEBUG - Sub District : 
2024-05-02 00:46:11,886 - kasikorn_logger - WARNING - ไม่มี
2024-05-02 00:46:11,886 - kasikorn_logger - DEBUG - Sub District : 
2024-05-02 00:46:11,886 - kasikorn_logger - WARNING - ไม่มี
2024-05-02 00:46:11,886 - kasikorn_logger - DEBUG - Sub District : 
2024-05-02 00:46:11,886 - kasikorn_logger - WARNING - ไม่มี
2024-05-02 00:46:11,887 - kasikorn_logger - DEBUG - Sub District : 
2024-05-02 00:46:11,887 - kasikorn_logger - WARNING - ไม่มี
2024-05-02 00:46:11,887 - kasikorn_logger - DEBUG - Sub District : 
2024-05-02 00:46:11,887 - kasikorn_logger - WARNING - ไม่มี
2024-05-02 00:46:11,887 - kasikorn_logger - DEBUG - Sub District : 
2024-05-02 00:46:11,887 - kasikorn_logger - WARNING - ไม่มี
2024-05-02 00:46:11,888 - kasikorn_logger - DEBUG - Sub District : 
2024-05-02 00:46:11,888 - kasikorn_logger - WARNING - ไม่มี
2024-05-02 00:46:16,478 - kasikorn_logger - DEBUG - Name : มีนบุรี การ์เด้นโฮม
2024-05-02 00:46:16,536 - kasikorn_logger - DEBUG - Proptype : บ้านเดี่ยว
2024-05-02 00:46:16,567 - kasikorn_logger - DEBUG - Lat and Long : ['ละติจูด: 13.827672', 'ลองติจูด: 100.789654']
2024-05-02 00:46:20,110 - kasikorn_logger - DEBUG - Name : เดอะซิมโฟนี่
2024-05-02 00:46:20,197 - kasikorn_logger - DEBUG - Proptype : ทาวน์เฮ้าส์
2024-05-02 00:46:20,224 - kasikorn_logger - DEBUG - Lat and Long : ['ละติจูด: 13.833859', 'ลองติจูด: 100.653242']
2024-05-02 00:46:23,770 - kasikorn_logger - DEBUG - Name : เอลิชา คอนโดมิเนียม
2024-05-02 00:46:23,796 - kasikorn_logger - DEBUG - Proptype : คอนโดมิเนียม
2024-05-02 00:46:23,829 - kasikorn_logger - DEBUG - Lat and Long : ['ละติจูด: 13.663987', 'ลองติจูด: 100.660547']
2024-05-02 00:46:27,376 - kasikorn_logger - DEBUG - Name : ประชาสุขซิตี้
2024-05-02 00:46:27,553 - kasikorn_logger - DEBUG - Proptype : ทาวน์เฮ้าส์
2024-05-02 00:46:27,580 - kasikorn_logger - DEBUG - Lat and Long : ['ละติจูด: 13.637683', 'ลองติจูด: 100.499144']
2024-05-02 00:46:31,376 - kasikorn_logger - DEBUG - Name : อาคารพาณิชย์ กรุงเทพมหานคร
2024-05-02 00:46:31,425 - kasikorn_logger - DEBUG - Proptype : อาคารพาณิชย์
2024-05-02 00:46:31,474 - kasikorn_logger - DEBUG - Lat and Long : ['ละติจูด: 13.753187', 'ลองติจูด: 100.518560']
2024-05-02 00:46:34,856 - kasikorn_logger - DEBUG - Name : อาคารพาณิชย์ กรุงเทพมหานคร
2024-05-02 00:46:34,885 - kasikorn_logger - DEBUG - Proptype : อาคารพาณิชย์
2024-05-02 00:46:34,913 - kasikorn_logger - DEBUG - Lat and Long : ['ละติจูด: 13.695453', 'ลองติจูด: 100.418349']
2024-05-02 00:46:38,609 - kasikorn_logger - DEBUG - Name : บ้านเดี่ยว กรุงเทพมหานคร
2024-05-02 00:46:38,632 - kasikorn_logger - DEBUG - Proptype : บ้านเดี่ยว
2024-05-02 00:46:38,669 - kasikorn_logger - DEBUG - Lat and Long : ['ละติจูด: 13.831453', 'ลองติจูด: 100.781091']
2024-05-02 00:46:43,174 - kasikorn_logger - DEBUG - Name : บ้านเดี่ยว กรุงเทพมหานคร
2024-05-02 00:46:43,207 - kasikorn_logger - DEBUG - Proptype : บ้านเดี่ยว
2024-05-02 00:46:43,250 - kasikorn_logger - DEBUG - Lat and Long : ['ละติจูด: 13.668852', 'ลองติจูด: 100.492698']
2024-05-02 00:46:46,777 - kasikorn_logger - DEBUG - Name : บ้านสวยริมธาร 4
2024-05-02 00:46:46,798 - kasikorn_logger - DEBUG - Proptype : บ้านเดี่ยว
2024-05-02 00:46:46,831 - kasikorn_logger - DEBUG - Lat and Long : ['ละติจูด: 13.762686', 'ลองติจูด: 100.376211']
2024-05-02 00:46:49,630 - kasikorn_logger - DEBUG - Name : ที่ดิน นครศรีธรรมราช
2024-05-02 00:46:49,668 - kasikorn_logger - DEBUG - Proptype : ที่ดิน
2024-05-02 00:46:49,723 - kasikorn_logger - DEBUG - Lat and Long : ['ละติจูด: 8.512436', 'ลองติจูด: 99.988988']
2024-05-02 00:46:53,225 - kasikorn_logger - DEBUG - Name : แอท ไนซ์ วัชรพล-เทพรักษ์
2024-05-02 00:46:53,268 - kasikorn_logger - DEBUG - Proptype : ทาวน์เฮ้าส์
2024-05-02 00:46:53,297 - kasikorn_logger - DEBUG - Lat and Long : ['ละติจูด: 13.896754', 'ลองติจูด: 100.637422']
2024-05-02 00:46:55,968 - kasikorn_logger - DEBUG - Name : เดอะวอเตอร์เฮ้าส์
2024-05-02 00:46:55,992 - kasikorn_logger - DEBUG - Proptype : ที่ดิน
2024-05-02 00:46:56,022 - kasikorn_logger - DEBUG - Lat and Long : ['ละติจูด: 13.669180', 'ลองติจูด: 100.392161']
2024-05-02 00:46:59,342 - kasikorn_logger - DEBUG - Name : บ้านเดี่ยว เชียงใหม่
2024-05-02 00:46:59,365 - kasikorn_logger - DEBUG - Proptype : บ้านเดี่ยว
2024-05-02 00:46:59,388 - kasikorn_logger - DEBUG - Lat and Long : ['ละติจูด: 18.735042', 'ลองติจูด: 98.982724']
2024-05-02 00:47:02,586 - kasikorn_logger - DEBUG - Name : ที่ดิน นนทบุรี
2024-05-02 00:47:02,629 - kasikorn_logger - DEBUG - Proptype : ที่ดิน
2024-05-02 00:47:02,803 - kasikorn_logger - DEBUG - Lat and Long : ['ละติจูด: 13.881023', 'ลองติจูด: 100.361474']
2024-05-02 00:47:05,972 - kasikorn_logger - DEBUG - Name : อาคารพาณิชย์ นนทบุรี
2024-05-02 00:47:06,010 - kasikorn_logger - DEBUG - Proptype : อาคารพาณิชย์
2024-05-02 00:47:06,036 - kasikorn_logger - DEBUG - Lat and Long : ['ละติจูด: 13.840534', 'ลองติจูด: 100.408378']
2024-05-02 00:47:09,123 - kasikorn_logger - DEBUG - Name : บ้านเดี่ยว พระนครศรีอยุธยา
2024-05-02 00:47:09,187 - kasikorn_logger - DEBUG - Proptype : บ้านเดี่ยว
2024-05-02 00:47:09,347 - kasikorn_logger - DEBUG - Lat and Long : ['ละติจูด: 14.289210', 'ลองติจูด: 100.321013']
2024-05-02 00:47:13,055 - kasikorn_logger - DEBUG - Name : บ้านเดี่ยว กรุงเทพมหานคร
2024-05-02 00:47:13,104 - kasikorn_logger - DEBUG - Proptype : บ้านเดี่ยว
2024-05-02 00:47:13,144 - kasikorn_logger - DEBUG - Lat and Long : ['ละติจูด: 13.693975', 'ลองติจูด: 100.626154']
2024-05-02 00:47:16,478 - kasikorn_logger - DEBUG - Name : บ้านเดี่ยว ประจวบคีรีขันธ์
2024-05-02 00:47:16,512 - kasikorn_logger - DEBUG - Proptype : บ้านเดี่ยว
2024-05-02 00:47:16,575 - kasikorn_logger - DEBUG - Lat and Long : ['ละติจูด: 12.444410', 'ลองติจูด: 99.912545']
2024-05-02 00:47:19,970 - kasikorn_logger - DEBUG - Name : เค.ซี.การ์เด้นโฮม 4
2024-05-02 00:47:20,000 - kasikorn_logger - DEBUG - Proptype : บ้านเดี่ยว
2024-05-02 00:47:20,022 - kasikorn_logger - DEBUG - Lat and Long : ['ละติจูด: 13.888377', 'ลองติจูด: 100.760255']
2024-05-02 00:47:23,393 - kasikorn_logger - DEBUG - Name : ที่ดิน นครปฐม
2024-05-02 00:47:23,420 - kasikorn_logger - DEBUG - Proptype : ที่ดิน
2024-05-02 00:47:23,553 - kasikorn_logger - DEBUG - Lat and Long : ['ละติจูด: 13.758843', 'ลองติจูด: 100.187524']
2024-05-02 00:47:26,517 - kasikorn_logger - DEBUG - Name : แบงก์คอก ฮอไรซอน รามคำแหง
2024-05-02 00:47:26,549 - kasikorn_logger - DEBUG - Proptype : คอนโดมิเนียม
2024-05-02 00:47:26,580 - kasikorn_logger - DEBUG - Lat and Long : ['ละติจูด: 13.762038', 'ลองติจูด: 100.648788']
2024-05-02 00:47:29,770 - kasikorn_logger - DEBUG - Name : ที่ดิน นครราชสีมา
2024-05-02 00:47:29,907 - kasikorn_logger - DEBUG - Proptype : ที่ดิน
2024-05-02 00:47:30,016 - kasikorn_logger - DEBUG - Lat and Long : ['ละติจูด: 14.731853', 'ลองติจูด: 101.975695']
2024-05-02 00:47:34,424 - kasikorn_logger - DEBUG - Name : โรงงาน กรุงเทพมหานคร
2024-05-02 00:47:34,465 - kasikorn_logger - DEBUG - Proptype : โรงงาน
2024-05-02 00:47:34,506 - kasikorn_logger - DEBUG - Lat and Long : ['ละติจูด: 13.815621', 'ลองติจูด: 100.792008']
2024-05-02 00:47:38,486 - kasikorn_logger - DEBUG - Name : ทาวน์เฮ้าส์ กรุงเทพมหานคร
2024-05-02 00:47:38,548 - kasikorn_logger - DEBUG - Proptype : ทาวน์เฮ้าส์
2024-05-02 00:47:38,674 - kasikorn_logger - DEBUG - Lat and Long : ['ละติจูด: 13.793939', 'ลองติจูด: 100.452372']
2024-05-02 00:47:43,398 - kasikorn_logger - DEBUG - Name : บ้านเดี่ยว พระนครศรีอยุธยา
2024-05-02 00:47:43,447 - kasikorn_logger - DEBUG - Proptype : บ้านเดี่ยว
2024-05-02 00:47:43,498 - kasikorn_logger - DEBUG - Lat and Long : ['ละติจูด: 14.289210', 'ลองติจูด: 100.321013']
2024-05-02 00:47:47,250 - kasikorn_logger - DEBUG - Name : บ้านเดี่ยว ประจวบคีรีขันธ์
2024-05-02 00:47:47,312 - kasikorn_logger - DEBUG - Proptype : บ้านเดี่ยว
2024-05-02 00:47:47,372 - kasikorn_logger - DEBUG - Lat and Long : ['ละติจูด: 12.444410', 'ลองติจูด: 99.912545']
2024-05-02 00:47:50,806 - kasikorn_logger - DEBUG - Name : ทาวน์เฮ้าส์ กรุงเทพมหานคร
2024-05-02 00:47:50,839 - kasikorn_logger - DEBUG - Proptype : ทาวน์เฮ้าส์
2024-05-02 00:47:50,985 - kasikorn_logger - DEBUG - Lat and Long : ['ละติจูด: 13.793939', 'ลองติจูด: 100.452372']
2024-05-02 00:47:54,692 - kasikorn_logger - DEBUG - Name : เดอะ เรสซิเด้นซ์ จอมเทียนบีช
2024-05-02 00:47:54,731 - kasikorn_logger - DEBUG - Proptype : คอนโดมิเนียม
2024-05-02 00:47:54,942 - kasikorn_logger - DEBUG - Lat and Long : ['ละติจูด: 12.900907', 'ลองติจูด: 100.880548']
2024-05-02 00:47:58,639 - kasikorn_logger - DEBUG - Name : เดอะคอมพลีท
2024-05-02 00:47:58,667 - kasikorn_logger - DEBUG - Proptype : บ้านเดี่ยว
2024-05-02 00:47:58,689 - kasikorn_logger - DEBUG - Lat and Long : ['ละติจูด: 13.158515', 'ลองติจูด: 100.978834']
2024-05-02 00:48:02,148 - kasikorn_logger - DEBUG - Name : บ้านเดี่ยว พะเยา
2024-05-02 00:48:02,274 - kasikorn_logger - DEBUG - Proptype : บ้านเดี่ยว
2024-05-02 00:48:02,305 - kasikorn_logger - DEBUG - Lat and Long : ['ละติจูด: 19.106134', 'ลองติจูด: 99.939340']
2024-05-02 00:48:05,905 - kasikorn_logger - DEBUG - Name : โกลเด้น ทาวน์ อ่อนนุช-พัฒนาการ
2024-05-02 00:48:05,931 - kasikorn_logger - DEBUG - Proptype : ทาวน์เฮ้าส์
2024-05-02 00:48:05,956 - kasikorn_logger - DEBUG - Lat and Long : ['ละติจูด: 13.727987', 'ลองติจูด: 100.690728']
2024-05-02 00:48:09,691 - kasikorn_logger - DEBUG - Name : บ้านเดี่ยว สิงห์บุรี
2024-05-02 00:48:09,721 - kasikorn_logger - DEBUG - Proptype : บ้านเดี่ยว
2024-05-02 00:48:09,813 - kasikorn_logger - DEBUG - Lat and Long : ['ละติจูด: 15.039454', 'ลองติจูด: 100.285324']
2024-05-02 00:48:12,934 - kasikorn_logger - DEBUG - Name : ที่ดิน เลย
2024-05-02 00:48:13,111 - kasikorn_logger - DEBUG - Proptype : ที่ดิน
2024-05-02 00:48:13,141 - kasikorn_logger - DEBUG - Lat and Long : ['ละติจูด: 17.537948', 'ลองติจูด: 101.716180']
2024-05-02 00:48:16,324 - kasikorn_logger - DEBUG - Name : ที่ดิน ลพบุรี
2024-05-02 00:48:16,372 - kasikorn_logger - DEBUG - Proptype : ที่ดิน
2024-05-02 00:48:16,494 - kasikorn_logger - DEBUG - Lat and Long : ['ละติจูด: 14.807343', 'ลองติจูด: 100.873785']
2024-05-02 00:48:20,134 - kasikorn_logger - DEBUG - Name : ไอวี่ ริเวอร์
2024-05-02 00:48:20,160 - kasikorn_logger - DEBUG - Proptype : คอนโดมิเนียม
2024-05-02 00:48:20,188 - kasikorn_logger - DEBUG - Lat and Long : ['ละติจูด: 13.688064', 'ลองติจูด: 100.492269']
2024-05-02 00:48:23,791 - kasikorn_logger - DEBUG - Name : บ้านเดี่ยว เชียงใหม่
2024-05-02 00:48:23,973 - kasikorn_logger - DEBUG - Proptype : บ้านเดี่ยว
2024-05-02 00:48:24,024 - kasikorn_logger - DEBUG - Lat and Long : ['ละติจูด: 19.930627', 'ลองติจูด: 99.206675']
2024-05-02 00:48:27,664 - kasikorn_logger - DEBUG - Name : มีนบุรี การ์เด้นโฮม
2024-05-02 00:48:27,701 - kasikorn_logger - DEBUG - Proptype : บ้านเดี่ยว
2024-05-02 00:48:27,726 - kasikorn_logger - DEBUG - Lat and Long : ['ละติจูด: 13.827672', 'ลองติจูด: 100.789654']
2024-05-02 00:48:30,578 - kasikorn_logger - DEBUG - Name : เดอะซิมโฟนี่
2024-05-02 00:48:30,605 - kasikorn_logger - DEBUG - Proptype : ทาวน์เฮ้าส์
2024-05-02 00:48:30,659 - kasikorn_logger - DEBUG - Lat and Long : ['ละติจูด: 13.833859', 'ลองติจูด: 100.653242']
2024-05-02 00:48:34,195 - kasikorn_logger - DEBUG - Name : เอลิชา คอนโดมิเนียม
2024-05-02 00:48:34,220 - kasikorn_logger - DEBUG - Proptype : คอนโดมิเนียม
2024-05-02 00:48:34,244 - kasikorn_logger - DEBUG - Lat and Long : ['ละติจูด: 13.663987', 'ลองติจูด: 100.660547']
2024-05-02 00:48:37,958 - kasikorn_logger - DEBUG - Name : ประชาสุขซิตี้
2024-05-02 00:48:37,989 - kasikorn_logger - DEBUG - Proptype : ทาวน์เฮ้าส์
2024-05-02 00:48:38,010 - kasikorn_logger - DEBUG - Lat and Long : ['ละติจูด: 13.637683', 'ลองติจูด: 100.499144']
2024-05-02 00:48:41,049 - kasikorn_logger - DEBUG - Name : อาคารพาณิชย์ กรุงเทพมหานคร
2024-05-02 00:48:41,077 - kasikorn_logger - DEBUG - Proptype : อาคารพาณิชย์
2024-05-02 00:48:41,116 - kasikorn_logger - DEBUG - Lat and Long : ['ละติจูด: 13.753187', 'ลองติจูด: 100.518560']
2024-05-02 00:48:44,282 - kasikorn_logger - DEBUG - Name : อาคารพาณิชย์ กรุงเทพมหานคร
2024-05-02 00:48:44,432 - kasikorn_logger - DEBUG - Proptype : อาคารพาณิชย์
2024-05-02 00:48:44,625 - kasikorn_logger - DEBUG - Lat and Long : ['ละติจูด: 13.695453', 'ลองติจูด: 100.418349']
2024-05-02 00:48:48,237 - kasikorn_logger - DEBUG - Name : บ้านเดี่ยว กรุงเทพมหานคร
2024-05-02 00:48:48,260 - kasikorn_logger - DEBUG - Proptype : บ้านเดี่ยว
2024-05-02 00:48:48,298 - kasikorn_logger - DEBUG - Lat and Long : ['ละติจูด: 13.831453', 'ลองติจูด: 100.781091']
2024-05-02 00:48:51,269 - kasikorn_logger - DEBUG - Name : บ้านเดี่ยว กรุงเทพมหานคร
2024-05-02 00:48:51,291 - kasikorn_logger - DEBUG - Proptype : บ้านเดี่ยว
2024-05-02 00:48:51,315 - kasikorn_logger - DEBUG - Lat and Long : ['ละติจูด: 13.668852', 'ลองติจูด: 100.492698']
2024-05-02 00:48:54,275 - kasikorn_logger - DEBUG - Name : บ้านสวยริมธาร 4
2024-05-02 00:48:54,380 - kasikorn_logger - DEBUG - Proptype : บ้านเดี่ยว
2024-05-02 00:48:54,408 - kasikorn_logger - DEBUG - Lat and Long : ['ละติจูด: 13.762686', 'ลองติจูด: 100.376211']
2024-05-02 00:48:58,159 - kasikorn_logger - DEBUG - Name : ที่ดิน นครศรีธรรมราช
2024-05-02 00:48:58,193 - kasikorn_logger - DEBUG - Proptype : ที่ดิน
2024-05-02 00:48:58,239 - kasikorn_logger - DEBUG - Lat and Long : ['ละติจูด: 8.512436', 'ลองติจูด: 99.988988']
2024-05-02 00:49:01,842 - kasikorn_logger - DEBUG - Name : แอท ไนซ์ วัชรพล-เทพรักษ์
2024-05-02 00:49:01,889 - kasikorn_logger - DEBUG - Proptype : ทาวน์เฮ้าส์
2024-05-02 00:49:01,949 - kasikorn_logger - DEBUG - Lat and Long : ['ละติจูด: 13.896754', 'ลองติจูด: 100.637422']
2024-05-02 00:49:05,447 - kasikorn_logger - DEBUG - Name : เดอะวอเตอร์เฮ้าส์
2024-05-02 00:49:05,574 - kasikorn_logger - DEBUG - Proptype : ที่ดิน
2024-05-02 00:49:05,605 - kasikorn_logger - DEBUG - Lat and Long : ['ละติจูด: 13.669180', 'ลองติจูด: 100.392161']
2024-05-02 00:49:05,678 - kasikorn_logger - INFO - Done Scraping without Error
